  Player.cpp
C:\PROG\visual_studio\lunarlander\lunarlander\Player.cpp(53,17): warning C4244: 'initializing': conversion from 'double' to 'float', possible loss of data
C:\PROG\visual_studio\lunarlander\lunarlander\Player.cpp(76,46): warning C4244: '-=': conversion from 'double' to 'float', possible loss of data
C:\PROG\visual_studio\lunarlander\lunarlander\Player.cpp(77,46): warning C4244: '+=': conversion from 'double' to 'float', possible loss of data
C:\PROG\visual_studio\lunarlander\lunarlander\Player.cpp(83,43): warning C4244: '=': conversion from 'double' to 'T', possible loss of data
          with
          [
              T=float
          ]
C:\PROG\visual_studio\lunarlander\lunarlander\Player.cpp(86,41): warning C4244: '=': conversion from 'double' to 'T', possible loss of data
          with
          [
              T=float
          ]
C:\PROG\visual_studio\lunarlander\lunarlander\Player.cpp(118,30): warning C4305: '+=': truncation from 'double' to 'float'
C:\PROG\visual_studio\lunarlander\lunarlander\Player.cpp(153,20): warning C4244: 'initializing': conversion from 'T' to 'int', possible loss of data
          with
          [
              T=float
          ]
C:\PROG\visual_studio\lunarlander\lunarlander\Player.cpp(157,96): warning C4244: 'argument': conversion from 'double' to 'float', possible loss of data
C:\PROG\visual_studio\lunarlander\lunarlander\Player.cpp(171,16): warning C4244: 'initializing': conversion from 'T' to 'int', possible loss of data
          with
          [
              T=float
          ]
C:\PROG\visual_studio\lunarlander\lunarlander\Player.cpp(176,90): warning C4244: 'argument': conversion from 'double' to 'float', possible loss of data
C:\PROG\visual_studio\lunarlander\lunarlander\Player.cpp(180,16): warning C4244: 'initializing': conversion from 'T' to 'int', possible loss of data
          with
          [
              T=float
          ]
C:\PROG\visual_studio\lunarlander\lunarlander\Player.cpp(184,90): warning C4244: 'argument': conversion from 'double' to 'float', possible loss of data
C:\PROG\visual_studio\lunarlander\lunarlander\Player.cpp(193,26): warning C4305: '/=': truncation from 'double' to 'float'
  Generating code
  10 of 118 functions ( 8.5%) were compiled, the rest were copied from previous compilation.
    8 functions were new in current compilation
    1 functions had inline decision re-evaluated but remain unchanged
  Finished generating code
  lunarlander.vcxproj -> C:\PROG\visual_studio\lunarlander\Release\lunarlander.exe
